<?xml version="1.0" ?>
<coverage version="7.13.5" timestamp="1776790715701" lines-valid="1420" lines-covered="1238" line-rate="0.8718" branches-covered="0" branches-valid="0" branch-rate="0" complexity="0">
	<!-- Generated by coverage.py: https://coverage.readthedocs.io/en/7.13.5 -->
	<!-- Based on https://raw.githubusercontent.com/cobertura/web/master/htdocs/xml/coverage-04.dtd -->
	<sources>
		<source>C:\Users\delap\Documents\Code\GitHub\movie-analytics-dashboard\src</source>
	</sources>
	<packages>
		<package name="." line-rate="0.8718" branch-rate="0" complexity="0">
			<classes>
				<class name="app.py" filename="app.py" complexity="0" line-rate="0.8998" branch-rate="0">
					<methods/>
					<lines>
						<line number="1" hits="1"/>
						<line number="2" hits="1"/>
						<line number="3" hits="1"/>
						<line number="4" hits="1"/>
						<line number="5" hits="1"/>
						<line number="6" hits="1"/>
						<line number="8" hits="1"/>
						<line number="9" hits="1"/>
						<line number="10" hits="1"/>
						<line number="11" hits="1"/>
						<line number="12" hits="1"/>
						<line number="13" hits="1"/>
						<line number="14" hits="1"/>
						<line number="15" hits="1"/>
						<line number="17" hits="1"/>
						<line number="18" hits="1"/>
						<line number="19" hits="1"/>
						<line number="34" hits="1"/>
						<line number="36" hits="1"/>
						<line number="37" hits="1"/>
						<line number="38" hits="1"/>
						<line number="41" hits="1"/>
						<line number="43" hits="1"/>
						<line number="45" hits="1"/>
						<line number="47" hits="1"/>
						<line number="48" hits="1"/>
						<line number="50" hits="1"/>
						<line number="58" hits="1"/>
						<line number="60" hits="0"/>
						<line number="68" hits="1"/>
						<line number="69" hits="1"/>
						<line number="71" hits="1"/>
						<line number="74" hits="1"/>
						<line number="75" hits="1"/>
						<line number="77" hits="1"/>
						<line number="78" hits="1"/>
						<line number="79" hits="1"/>
						<line number="90" hits="1"/>
						<line number="93" hits="1"/>
						<line number="94" hits="1"/>
						<line number="97" hits="1"/>
						<line number="98" hits="1"/>
						<line number="99" hits="0"/>
						<line number="104" hits="0"/>
						<line number="107" hits="1"/>
						<line number="109" hits="1"/>
						<line number="110" hits="1"/>
						<line number="111" hits="1"/>
						<line number="112" hits="1"/>
						<line number="115" hits="1"/>
						<line number="117" hits="1"/>
						<line number="118" hits="1"/>
						<line number="119" hits="1"/>
						<line number="121" hits="1"/>
						<line number="122" hits="1"/>
						<line number="123" hits="1"/>
						<line number="126" hits="1"/>
						<line number="131" hits="1"/>
						<line number="132" hits="1"/>
						<line number="133" hits="1"/>
						<line number="135" hits="0"/>
						<line number="138" hits="1"/>
						<line number="147" hits="1"/>
						<line number="149" hits="1"/>
						<line number="151" hits="0"/>
						<line number="161" hits="1"/>
						<line number="164" hits="1"/>
						<line number="175" hits="1"/>
						<line number="189" hits="1"/>
						<line number="192" hits="1"/>
						<line number="202" hits="1"/>
						<line number="204" hits="1"/>
						<line number="206" hits="1"/>
						<line number="215" hits="1"/>
						<line number="216" hits="1"/>
						<line number="217" hits="1"/>
						<line number="218" hits="1"/>
						<line number="220" hits="1"/>
						<line number="222" hits="0"/>
						<line number="231" hits="1"/>
						<line number="234" hits="1"/>
						<line number="245" hits="1"/>
						<line number="259" hits="1"/>
						<line number="267" hits="1"/>
						<line number="268" hits="1"/>
						<line number="269" hits="1"/>
						<line number="270" hits="1"/>
						<line number="271" hits="1"/>
						<line number="272" hits="1"/>
						<line number="273" hits="1"/>
						<line number="274" hits="1"/>
						<line number="277" hits="1"/>
						<line number="278" hits="0"/>
						<line number="279" hits="0"/>
						<line number="281" hits="1"/>
						<line number="282" hits="1"/>
						<line number="283" hits="1"/>
						<line number="285" hits="1"/>
						<line number="286" hits="1"/>
						<line number="287" hits="1"/>
						<line number="289" hits="1"/>
						<line number="290" hits="1"/>
						<line number="291" hits="1"/>
						<line number="294" hits="1"/>
						<line number="295" hits="1"/>
						<line number="296" hits="1"/>
						<line number="299" hits="1"/>
						<line number="300" hits="1"/>
						<line number="301" hits="1"/>
						<line number="302" hits="1"/>
						<line number="305" hits="1"/>
						<line number="306" hits="1"/>
						<line number="310" hits="1"/>
						<line number="311" hits="1"/>
						<line number="313" hits="1"/>
						<line number="315" hits="1"/>
						<line number="318" hits="1"/>
						<line number="319" hits="1"/>
						<line number="320" hits="1"/>
						<line number="321" hits="1"/>
						<line number="322" hits="1"/>
						<line number="323" hits="1"/>
						<line number="324" hits="1"/>
						<line number="326" hits="1"/>
						<line number="328" hits="1"/>
						<line number="329" hits="1"/>
						<line number="330" hits="1"/>
						<line number="334" hits="1"/>
						<line number="337" hits="1"/>
						<line number="338" hits="1"/>
						<line number="340" hits="1"/>
						<line number="344" hits="1"/>
						<line number="345" hits="1"/>
						<line number="347" hits="1"/>
						<line number="349" hits="1"/>
						<line number="352" hits="1"/>
						<line number="353" hits="1"/>
						<line number="354" hits="1"/>
						<line number="355" hits="1"/>
						<line number="356" hits="1"/>
						<line number="364" hits="1"/>
						<line number="365" hits="1"/>
						<line number="367" hits="1"/>
						<line number="368" hits="1"/>
						<line number="369" hits="1"/>
						<line number="370" hits="1"/>
						<line number="371" hits="1"/>
						<line number="372" hits="1"/>
						<line number="375" hits="1"/>
						<line number="377" hits="1"/>
						<line number="381" hits="1"/>
						<line number="384" hits="1"/>
						<line number="385" hits="1"/>
						<line number="387" hits="1"/>
						<line number="388" hits="1"/>
						<line number="389" hits="1"/>
						<line number="390" hits="1"/>
						<line number="391" hits="1"/>
						<line number="392" hits="1"/>
						<line number="395" hits="1"/>
						<line number="397" hits="1"/>
						<line number="401" hits="1"/>
						<line number="404" hits="1"/>
						<line number="405" hits="1"/>
						<line number="406" hits="1"/>
						<line number="407" hits="1"/>
						<line number="408" hits="1"/>
						<line number="409" hits="1"/>
						<line number="410" hits="1"/>
						<line number="412" hits="1"/>
						<line number="413" hits="1"/>
						<line number="414" hits="1"/>
						<line number="417" hits="1"/>
						<line number="418" hits="1"/>
						<line number="419" hits="1"/>
						<line number="420" hits="1"/>
						<line number="422" hits="0"/>
						<line number="424" hits="1"/>
						<line number="427" hits="1"/>
						<line number="428" hits="1"/>
						<line number="429" hits="1"/>
						<line number="430" hits="1"/>
						<line number="431" hits="1"/>
						<line number="432" hits="1"/>
						<line number="433" hits="0"/>
						<line number="435" hits="1"/>
						<line number="436" hits="1"/>
						<line number="437" hits="0"/>
						<line number="439" hits="1"/>
						<line number="440" hits="1"/>
						<line number="441" hits="1"/>
						<line number="442" hits="1"/>
						<line number="444" hits="0"/>
						<line number="446" hits="1"/>
						<line number="449" hits="1"/>
						<line number="450" hits="1"/>
						<line number="451" hits="1"/>
						<line number="452" hits="1"/>
						<line number="453" hits="1"/>
						<line number="454" hits="1"/>
						<line number="455" hits="1"/>
						<line number="457" hits="1"/>
						<line number="458" hits="1"/>
						<line number="459" hits="1"/>
						<line number="461" hits="1"/>
						<line number="462" hits="1"/>
						<line number="463" hits="1"/>
						<line number="464" hits="1"/>
						<line number="466" hits="0"/>
						<line number="468" hits="1"/>
						<line number="471" hits="1"/>
						<line number="472" hits="1"/>
						<line number="473" hits="1"/>
						<line number="474" hits="1"/>
						<line number="475" hits="1"/>
						<line number="476" hits="1"/>
						<line number="477" hits="0"/>
						<line number="479" hits="1"/>
						<line number="480" hits="1"/>
						<line number="481" hits="0"/>
						<line number="483" hits="1"/>
						<line number="484" hits="1"/>
						<line number="485" hits="1"/>
						<line number="486" hits="1"/>
						<line number="488" hits="0"/>
						<line number="490" hits="1"/>
						<line number="498" hits="1"/>
						<line number="499" hits="1"/>
						<line number="501" hits="0"/>
						<line number="502" hits="0"/>
						<line number="503" hits="0"/>
						<line number="504" hits="0"/>
						<line number="505" hits="0"/>
						<line number="508" hits="0"/>
						<line number="511" hits="0"/>
						<line number="512" hits="0"/>
						<line number="514" hits="0"/>
						<line number="515" hits="0"/>
						<line number="516" hits="0"/>
						<line number="519" hits="0"/>
						<line number="523" hits="0"/>
						<line number="525" hits="0"/>
						<line number="526" hits="0"/>
						<line number="527" hits="0"/>
						<line number="530" hits="0"/>
						<line number="531" hits="0"/>
						<line number="532" hits="0"/>
						<line number="534" hits="0"/>
						<line number="537" hits="0"/>
						<line number="540" hits="0"/>
						<line number="544" hits="0"/>
						<line number="553" hits="0"/>
						<line number="556" hits="1"/>
						<line number="557" hits="1"/>
						<line number="559" hits="0"/>
						<line number="560" hits="0"/>
						<line number="561" hits="0"/>
						<line number="562" hits="0"/>
						<line number="563" hits="0"/>
						<line number="564" hits="0"/>
						<line number="566" hits="0"/>
						<line number="569" hits="0"/>
						<line number="570" hits="0"/>
						<line number="571" hits="0"/>
						<line number="573" hits="0"/>
						<line number="574" hits="0"/>
						<line number="575" hits="0"/>
						<line number="577" hits="0"/>
						<line number="578" hits="0"/>
						<line number="579" hits="0"/>
						<line number="580" hits="0"/>
						<line number="583" hits="0"/>
						<line number="587" hits="0"/>
						<line number="589" hits="0"/>
						<line number="590" hits="0"/>
						<line number="591" hits="0"/>
						<line number="594" hits="0"/>
						<line number="595" hits="0"/>
						<line number="596" hits="0"/>
						<line number="598" hits="0"/>
						<line number="599" hits="0"/>
						<line number="601" hits="0"/>
						<line number="604" hits="1"/>
						<line number="605" hits="1"/>
						<line number="607" hits="0"/>
						<line number="608" hits="0"/>
						<line number="609" hits="0"/>
						<line number="610" hits="0"/>
						<line number="611" hits="0"/>
						<line number="613" hits="0"/>
						<line number="615" hits="0"/>
						<line number="616" hits="0"/>
						<line number="619" hits="0"/>
						<line number="620" hits="0"/>
						<line number="622" hits="0"/>
						<line number="623" hits="0"/>
						<line number="625" hits="0"/>
						<line number="626" hits="0"/>
						<line number="628" hits="0"/>
						<line number="636" hits="1"/>
						<line number="637" hits="1"/>
						<line number="639" hits="1"/>
						<line number="640" hits="1"/>
						<line number="641" hits="1"/>
						<line number="642" hits="1"/>
						<line number="643" hits="1"/>
						<line number="644" hits="1"/>
						<line number="647" hits="1"/>
						<line number="649" hits="1"/>
						<line number="656" hits="1"/>
						<line number="664" hits="1"/>
						<line number="665" hits="1"/>
						<line number="667" hits="1"/>
						<line number="668" hits="1"/>
						<line number="669" hits="1"/>
						<line number="670" hits="1"/>
						<line number="672" hits="1"/>
						<line number="675" hits="1"/>
						<line number="693" hits="1"/>
						<line number="694" hits="1"/>
						<line number="696" hits="1"/>
						<line number="699" hits="1"/>
						<line number="700" hits="1"/>
						<line number="702" hits="1"/>
						<line number="713" hits="1"/>
						<line number="732" hits="1"/>
						<line number="741" hits="1"/>
						<line number="744" hits="1"/>
						<line number="745" hits="1"/>
						<line number="747" hits="1"/>
						<line number="748" hits="1"/>
						<line number="749" hits="1"/>
						<line number="752" hits="1"/>
						<line number="753" hits="1"/>
						<line number="754" hits="1"/>
						<line number="757" hits="1"/>
						<line number="765" hits="1"/>
						<line number="768" hits="1"/>
						<line number="769" hits="1"/>
						<line number="772" hits="1"/>
						<line number="774" hits="1"/>
						<line number="775" hits="1"/>
						<line number="776" hits="1"/>
						<line number="777" hits="1"/>
						<line number="780" hits="1"/>
						<line number="781" hits="1"/>
						<line number="782" hits="1"/>
						<line number="783" hits="0"/>
						<line number="785" hits="1"/>
						<line number="791" hits="1"/>
						<line number="792" hits="1"/>
						<line number="793" hits="1"/>
						<line number="794" hits="0"/>
						<line number="795" hits="0"/>
						<line number="796" hits="0"/>
						<line number="797" hits="0"/>
						<line number="798" hits="0"/>
						<line number="800" hits="1"/>
						<line number="801" hits="1"/>
						<line number="804" hits="1"/>
						<line number="806" hits="1"/>
						<line number="816" hits="1"/>
						<line number="818" hits="1"/>
						<line number="832" hits="1"/>
						<line number="842" hits="1"/>
						<line number="850" hits="1"/>
						<line number="851" hits="1"/>
						<line number="853" hits="1"/>
						<line number="855" hits="1"/>
						<line number="856" hits="1"/>
						<line number="859" hits="1"/>
						<line number="868" hits="1"/>
						<line number="877" hits="1"/>
						<line number="880" hits="1"/>
						<line number="881" hits="1"/>
						<line number="882" hits="1"/>
						<line number="888" hits="1"/>
						<line number="900" hits="1"/>
						<line number="903" hits="1"/>
						<line number="904" hits="1"/>
						<line number="906" hits="1"/>
						<line number="908" hits="1"/>
						<line number="909" hits="1"/>
						<line number="912" hits="1"/>
						<line number="913" hits="1"/>
						<line number="914" hits="1"/>
						<line number="917" hits="1"/>
						<line number="918" hits="1"/>
						<line number="919" hits="1"/>
						<line number="920" hits="1"/>
						<line number="921" hits="1"/>
						<line number="922" hits="1"/>
						<line number="923" hits="1"/>
						<line number="924" hits="1"/>
						<line number="927" hits="1"/>
						<line number="930" hits="1"/>
						<line number="931" hits="1"/>
						<line number="934" hits="1"/>
						<line number="935" hits="0"/>
						<line number="938" hits="1"/>
						<line number="939" hits="1"/>
						<line number="940" hits="1"/>
						<line number="941" hits="1"/>
						<line number="947" hits="1"/>
						<line number="948" hits="1"/>
						<line number="949" hits="1"/>
						<line number="950" hits="1"/>
						<line number="953" hits="1"/>
						<line number="954" hits="1"/>
						<line number="955" hits="1"/>
						<line number="956" hits="1"/>
						<line number="959" hits="1"/>
						<line number="960" hits="1"/>
						<line number="963" hits="1"/>
						<line number="964" hits="1"/>
						<line number="967" hits="1"/>
						<line number="968" hits="1"/>
						<line number="969" hits="1"/>
						<line number="970" hits="1"/>
						<line number="971" hits="1"/>
						<line number="972" hits="1"/>
						<line number="974" hits="1"/>
						<line number="977" hits="1"/>
						<line number="978" hits="1"/>
						<line number="979" hits="1"/>
						<line number="980" hits="1"/>
						<line number="983" hits="1"/>
						<line number="986" hits="1"/>
						<line number="993" hits="1"/>
						<line number="996" hits="1"/>
						<line number="997" hits="1"/>
						<line number="1000" hits="1"/>
						<line number="1002" hits="1"/>
						<line number="1025" hits="1"/>
						<line number="1028" hits="1"/>
						<line number="1029" hits="1"/>
						<line number="1031" hits="1"/>
						<line number="1033" hits="1"/>
						<line number="1034" hits="1"/>
						<line number="1037" hits="1"/>
						<line number="1038" hits="1"/>
						<line number="1039" hits="1"/>
						<line number="1040" hits="1"/>
						<line number="1041" hits="1"/>
						<line number="1042" hits="1"/>
						<line number="1043" hits="1"/>
						<line number="1046" hits="1"/>
						<line number="1053" hits="1"/>
						<line number="1054" hits="1"/>
						<line number="1057" hits="1"/>
						<line number="1058" hits="1"/>
						<line number="1059" hits="1"/>
						<line number="1060" hits="1"/>
						<line number="1066" hits="1"/>
						<line number="1067" hits="1"/>
						<line number="1068" hits="1"/>
						<line number="1069" hits="1"/>
						<line number="1070" hits="1"/>
						<line number="1071" hits="0"/>
						<line number="1073" hits="1"/>
						<line number="1076" hits="1"/>
						<line number="1079" hits="1"/>
						<line number="1080" hits="1"/>
						<line number="1083" hits="1"/>
						<line number="1086" hits="1"/>
						<line number="1087" hits="1"/>
						<line number="1090" hits="1"/>
						<line number="1092" hits="1"/>
						<line number="1109" hits="1"/>
						<line number="1112" hits="1"/>
						<line number="1113" hits="1"/>
						<line number="1115" hits="1"/>
						<line number="1117" hits="1"/>
						<line number="1118" hits="1"/>
						<line number="1120" hits="1"/>
						<line number="1121" hits="1"/>
						<line number="1122" hits="1"/>
						<line number="1125" hits="1"/>
						<line number="1140" hits="1"/>
						<line number="1141" hits="1"/>
						<line number="1142" hits="1"/>
						<line number="1143" hits="1"/>
						<line number="1144" hits="1"/>
						<line number="1145" hits="1"/>
						<line number="1147" hits="1"/>
						<line number="1150" hits="1"/>
						<line number="1153" hits="1"/>
						<line number="1154" hits="1"/>
						<line number="1157" hits="1"/>
						<line number="1168" hits="1"/>
						<line number="1170" hits="1"/>
						<line number="1181" hits="1"/>
						<line number="1184" hits="1"/>
						<line number="1185" hits="1"/>
						<line number="1187" hits="1"/>
						<line number="1189" hits="1"/>
						<line number="1190" hits="1"/>
						<line number="1193" hits="1"/>
						<line number="1195" hits="1"/>
						<line number="1196" hits="1"/>
						<line number="1199" hits="1"/>
						<line number="1208" hits="1"/>
						<line number="1209" hits="1"/>
						<line number="1211" hits="1"/>
						<line number="1216" hits="1"/>
						<line number="1217" hits="1"/>
						<line number="1220" hits="1"/>
						<line number="1221" hits="1"/>
						<line number="1229" hits="1"/>
						<line number="1240" hits="1"/>
						<line number="1251" hits="1"/>
						<line number="1254" hits="1"/>
						<line number="1255" hits="1"/>
						<line number="1257" hits="1"/>
						<line number="1259" hits="1"/>
						<line number="1260" hits="1"/>
						<line number="1262" hits="1"/>
						<line number="1264" hits="1"/>
						<line number="1265" hits="1"/>
						<line number="1268" hits="1"/>
						<line number="1278" hits="1"/>
						<line number="1286" hits="1"/>
						<line number="1289" hits="1"/>
						<line number="1292" hits="1"/>
						<line number="1293" hits="1"/>
						<line number="1294" hits="1"/>
						<line number="1295" hits="1"/>
						<line number="1296" hits="1"/>
						<line number="1299" hits="1"/>
						<line number="1300" hits="1"/>
						<line number="1301" hits="1"/>
						<line number="1306" hits="1"/>
						<line number="1309" hits="1"/>
						<line number="1314" hits="1"/>
						<line number="1315" hits="1"/>
						<line number="1317" hits="1"/>
						<line number="1323" hits="1"/>
						<line number="1324" hits="1"/>
						<line number="1325" hits="1"/>
						<line number="1328" hits="1"/>
						<line number="1329" hits="1"/>
						<line number="1330" hits="1"/>
						<line number="1332" hits="1"/>
						<line number="1352" hits="1"/>
						<line number="1355" hits="1"/>
						<line number="1356" hits="1"/>
						<line number="1357" hits="1"/>
						<line number="1359" hits="1"/>
						<line number="1361" hits="1"/>
						<line number="1362" hits="1"/>
						<line number="1365" hits="1"/>
						<line number="1374" hits="1"/>
						<line number="1386" hits="1"/>
						<line number="1401" hits="1"/>
						<line number="1410" hits="1"/>
						<line number="1422" hits="1"/>
						<line number="1434" hits="1"/>
						<line number="1450" hits="1"/>
						<line number="1451" hits="1"/>
						<line number="1454" hits="1"/>
						<line number="1456" hits="1"/>
						<line number="1472" hits="1"/>
						<line number="1475" hits="1"/>
						<line number="1476" hits="1"/>
						<line number="1477" hits="1"/>
						<line number="1479" hits="1"/>
						<line number="1480" hits="1"/>
						<line number="1482" hits="1"/>
						<line number="1495" hits="1"/>
						<line number="1507" hits="1"/>
						<line number="1518" hits="1"/>
						<line number="1529" hits="1"/>
						<line number="1530" hits="1"/>
						<line number="1533" hits="1"/>
						<line number="1534" hits="1"/>
						<line number="1535" hits="1"/>
						<line number="1536" hits="1"/>
						<line number="1538" hits="1"/>
						<line number="1541" hits="1"/>
						<line number="1542" hits="1"/>
						<line number="1543" hits="1"/>
						<line number="1544" hits="1"/>
						<line number="1546" hits="1"/>
						<line number="1549" hits="1"/>
						<line number="1550" hits="1"/>
						<line number="1551" hits="1"/>
						<line number="1552" hits="1"/>
						<line number="1562" hits="1"/>
						<line number="1565" hits="1"/>
						<line number="1566" hits="1"/>
						<line number="1567" hits="1"/>
						<line number="1568" hits="0"/>
						<line number="1578" hits="1"/>
						<line number="1579" hits="1"/>
						<line number="1581" hits="1"/>
						<line number="1587" hits="1"/>
						<line number="1590" hits="1"/>
						<line number="1591" hits="1"/>
						<line number="1593" hits="1"/>
						<line number="1595" hits="1"/>
						<line number="1596" hits="1"/>
						<line number="1598" hits="1"/>
						<line number="1600" hits="1"/>
						<line number="1601" hits="1"/>
						<line number="1606" hits="1"/>
						<line number="1614" hits="1"/>
						<line number="1618" hits="1"/>
						<line number="1621" hits="1"/>
						<line number="1622" hits="1"/>
						<line number="1624" hits="1"/>
						<line number="1625" hits="1"/>
						<line number="1626" hits="1"/>
						<line number="1629" hits="1"/>
						<line number="1630" hits="1"/>
						<line number="1632" hits="1"/>
						<line number="1633" hits="1"/>
						<line number="1634" hits="1"/>
						<line number="1635" hits="1"/>
						<line number="1636" hits="1"/>
						<line number="1639" hits="1"/>
						<line number="1640" hits="1"/>
						<line number="1642" hits="1"/>
						<line number="1643" hits="0"/>
						<line number="1644" hits="1"/>
						<line number="1652" hits="1"/>
						<line number="1653" hits="1"/>
						<line number="1654" hits="1"/>
						<line number="1656" hits="1"/>
						<line number="1657" hits="1"/>
						<line number="1659" hits="1"/>
						<line number="1660" hits="1"/>
						<line number="1661" hits="1"/>
						<line number="1662" hits="1"/>
						<line number="1663" hits="1"/>
						<line number="1664" hits="1"/>
						<line number="1665" hits="1"/>
						<line number="1666" hits="1"/>
						<line number="1669" hits="1"/>
						<line number="1672" hits="1"/>
						<line number="1675" hits="1"/>
						<line number="1676" hits="1"/>
						<line number="1678" hits="1"/>
						<line number="1679" hits="1"/>
						<line number="1681" hits="1"/>
						<line number="1682" hits="1"/>
						<line number="1684" hits="1"/>
						<line number="1685" hits="0"/>
						<line number="1687" hits="1"/>
						<line number="1688" hits="0"/>
						<line number="1691" hits="1"/>
						<line number="1692" hits="1"/>
						<line number="1693" hits="1"/>
						<line number="1694" hits="1"/>
						<line number="1695" hits="1"/>
						<line number="1696" hits="1"/>
						<line number="1698" hits="1"/>
						<line number="1701" hits="1"/>
						<line number="1702" hits="1"/>
						<line number="1703" hits="1"/>
						<line number="1706" hits="1"/>
						<line number="1707" hits="1"/>
						<line number="1708" hits="1"/>
						<line number="1726" hits="1"/>
						<line number="1736" hits="1"/>
						<line number="1739" hits="1"/>
						<line number="1740" hits="1"/>
						<line number="1741" hits="1"/>
						<line number="1743" hits="1"/>
						<line number="1744" hits="1"/>
						<line number="1745" hits="1"/>
						<line number="1747" hits="1"/>
						<line number="1748" hits="1"/>
						<line number="1751" hits="1"/>
						<line number="1761" hits="1"/>
						<line number="1764" hits="1"/>
						<line number="1768" hits="1"/>
						<line number="1773" hits="1"/>
						<line number="1818" hits="1"/>
						<line number="1820" hits="1"/>
						<line number="1823" hits="1"/>
						<line number="1824" hits="1"/>
						<line number="1825" hits="1"/>
						<line number="1827" hits="1"/>
						<line number="1828" hits="1"/>
						<line number="1829" hits="1"/>
						<line number="1830" hits="1"/>
						<line number="1831" hits="1"/>
						<line number="1833" hits="1"/>
						<line number="1834" hits="1"/>
						<line number="1837" hits="1"/>
						<line number="1840" hits="1"/>
						<line number="1848" hits="1"/>
						<line number="1849" hits="1"/>
						<line number="1850" hits="1"/>
						<line number="1853" hits="1"/>
						<line number="1854" hits="1"/>
						<line number="1855" hits="1"/>
						<line number="1867" hits="1"/>
						<line number="1878" hits="1"/>
						<line number="1881" hits="1"/>
						<line number="1882" hits="1"/>
						<line number="1883" hits="1"/>
						<line number="1885" hits="1"/>
						<line number="1886" hits="1"/>
						<line number="1887" hits="1"/>
						<line number="1889" hits="1"/>
						<line number="1893" hits="1"/>
						<line number="1895" hits="1"/>
						<line number="1898" hits="1"/>
						<line number="1899" hits="1"/>
						<line number="1900" hits="1"/>
						<line number="1901" hits="1"/>
						<line number="1903" hits="1"/>
						<line number="1904" hits="1"/>
						<line number="1906" hits="1"/>
						<line number="1909" hits="1"/>
						<line number="1914" hits="1"/>
						<line number="1917" hits="1"/>
						<line number="1928" hits="1"/>
						<line number="1939" hits="1"/>
						<line number="1942" hits="1"/>
						<line number="1943" hits="1"/>
						<line number="1944" hits="1"/>
						<line number="1945" hits="1"/>
						<line number="1947" hits="1"/>
						<line number="1948" hits="1"/>
						<line number="1950" hits="1"/>
						<line number="1963" hits="1"/>
						<line number="1972" hits="1"/>
						<line number="1974" hits="1"/>
						<line number="1977" hits="1"/>
						<line number="1978" hits="1"/>
						<line number="1979" hits="1"/>
						<line number="1980" hits="1"/>
						<line number="1982" hits="1"/>
						<line number="1983" hits="1"/>
						<line number="1984" hits="1"/>
						<line number="1985" hits="1"/>
						<line number="1986" hits="1"/>
						<line number="1988" hits="1"/>
						<line number="1989" hits="1"/>
						<line number="1996" hits="1"/>
						<line number="1997" hits="1"/>
						<line number="2004" hits="1"/>
						<line number="2005" hits="1"/>
						<line number="2007" hits="1"/>
						<line number="2009" hits="1"/>
						<line number="2020" hits="1"/>
						<line number="2022" hits="1"/>
						<line number="2025" hits="1"/>
						<line number="2026" hits="1"/>
						<line number="2027" hits="1"/>
						<line number="2029" hits="1"/>
						<line number="2030" hits="1"/>
						<line number="2031" hits="1"/>
						<line number="2032" hits="1"/>
						<line number="2033" hits="1"/>
						<line number="2036" hits="1"/>
						<line number="2046" hits="1"/>
						<line number="2047" hits="1"/>
						<line number="2048" hits="1"/>
						<line number="2050" hits="1"/>
						<line number="2060" hits="1"/>
						<line number="2070" hits="1"/>
						<line number="2073" hits="1"/>
						<line number="2074" hits="1"/>
						<line number="2075" hits="1"/>
						<line number="2077" hits="1"/>
						<line number="2078" hits="1"/>
						<line number="2079" hits="1"/>
						<line number="2081" hits="1"/>
						<line number="2082" hits="1"/>
						<line number="2085" hits="1"/>
						<line number="2094" hits="1"/>
						<line number="2095" hits="1"/>
						<line number="2102" hits="1"/>
						<line number="2120" hits="1"/>
						<line number="2122" hits="1"/>
						<line number="2125" hits="1"/>
						<line number="2126" hits="1"/>
						<line number="2127" hits="1"/>
						<line number="2129" hits="1"/>
						<line number="2130" hits="1"/>
						<line number="2132" hits="1"/>
						<line number="2134" hits="1"/>
						<line number="2135" hits="0"/>
						<line number="2136" hits="0"/>
						<line number="2138" hits="1"/>
						<line number="2141" hits="1"/>
						<line number="2142" hits="1"/>
						<line number="2144" hits="1"/>
						<line number="2196" hits="1"/>
						<line number="2204" hits="1"/>
						<line number="2219" hits="1"/>
						<line number="2220" hits="1"/>
						<line number="2222" hits="1"/>
						<line number="2223" hits="1"/>
						<line number="2224" hits="1"/>
						<line number="2228" hits="1"/>
						<line number="2242" hits="1"/>
						<line number="2243" hits="1"/>
						<line number="2244" hits="1"/>
						<line number="2245" hits="0"/>
						<line number="2246" hits="1"/>
						<line number="2247" hits="1"/>
						<line number="2248" hits="1"/>
						<line number="2249" hits="1"/>
						<line number="2250" hits="1"/>
						<line number="2251" hits="1"/>
						<line number="2252" hits="1"/>
						<line number="2255" hits="1"/>
						<line number="2256" hits="1"/>
						<line number="2257" hits="1"/>
						<line number="2258" hits="1"/>
						<line number="2261" hits="1"/>
						<line number="2262" hits="1"/>
						<line number="2263" hits="1"/>
						<line number="2266" hits="1"/>
						<line number="2280" hits="1"/>
						<line number="2293" hits="1"/>
						<line number="2300" hits="1"/>
						<line number="2303" hits="1"/>
						<line number="2304" hits="1"/>
						<line number="2306" hits="1"/>
						<line number="2307" hits="1"/>
						<line number="2308" hits="1"/>
						<line number="2309" hits="1"/>
						<line number="2312" hits="1"/>
						<line number="2313" hits="1"/>
						<line number="2315" hits="1"/>
						<line number="2321" hits="1"/>
						<line number="2322" hits="1"/>
						<line number="2323" hits="0"/>
						<line number="2326" hits="1"/>
						<line number="2334" hits="1"/>
						<line number="2337" hits="1"/>
						<line number="2345" hits="1"/>
						<line number="2361" hits="1"/>
						<line number="2370" hits="1"/>
						<line number="2381" hits="1"/>
						<line number="2396" hits="1"/>
						<line number="2403" hits="1"/>
						<line number="2409" hits="1"/>
						<line number="2425" hits="1"/>
						<line number="2433" hits="1"/>
						<line number="2434" hits="1"/>
						<line number="2436" hits="1"/>
						<line number="2437" hits="1"/>
						<line number="2438" hits="1"/>
						<line number="2439" hits="1"/>
						<line number="2440" hits="1"/>
						<line number="2442" hits="1"/>
						<line number="2463" hits="1"/>
						<line number="2464" hits="1"/>
						<line number="2465" hits="1"/>
						<line number="2467" hits="1"/>
						<line number="2468" hits="1"/>
						<line number="2469" hits="1"/>
						<line number="2477" hits="1"/>
						<line number="2498" hits="1"/>
						<line number="2508" hits="1"/>
						<line number="2511" hits="1"/>
						<line number="2512" hits="1"/>
						<line number="2514" hits="1"/>
						<line number="2515" hits="1"/>
						<line number="2516" hits="1"/>
						<line number="2518" hits="1"/>
						<line number="2519" hits="1"/>
						<line number="2520" hits="1"/>
						<line number="2522" hits="1"/>
						<line number="2531" hits="1"/>
						<line number="2532" hits="1"/>
						<line number="2537" hits="1"/>
						<line number="2539" hits="1"/>
						<line number="2540" hits="1"/>
						<line number="2541" hits="1"/>
						<line number="2542" hits="1"/>
						<line number="2545" hits="1"/>
						<line number="2546" hits="1"/>
						<line number="2547" hits="1"/>
						<line number="2548" hits="0"/>
						<line number="2549" hits="1"/>
						<line number="2555" hits="1"/>
						<line number="2556" hits="1"/>
						<line number="2557" hits="1"/>
						<line number="2558" hits="1"/>
						<line number="2559" hits="1"/>
						<line number="2560" hits="1"/>
						<line number="2561" hits="1"/>
						<line number="2562" hits="1"/>
						<line number="2563" hits="1"/>
						<line number="2565" hits="1"/>
						<line number="2566" hits="1"/>
						<line number="2574" hits="1"/>
						<line number="2576" hits="1"/>
						<line number="2586" hits="1"/>
						<line number="2592" hits="1"/>
						<line number="2606" hits="1"/>
						<line number="2616" hits="1"/>
						<line number="2624" hits="1"/>
						<line number="2625" hits="1"/>
						<line number="2627" hits="1"/>
						<line number="2628" hits="1"/>
						<line number="2629" hits="1"/>
						<line number="2630" hits="1"/>
						<line number="2631" hits="1"/>
						<line number="2632" hits="1"/>
						<line number="2634" hits="1"/>
						<line number="2641" hits="1"/>
						<line number="2648" hits="1"/>
						<line number="2651" hits="1"/>
						<line number="2652" hits="1"/>
						<line number="2654" hits="1"/>
						<line number="2655" hits="1"/>
						<line number="2656" hits="1"/>
						<line number="2657" hits="1"/>
						<line number="2658" hits="1"/>
						<line number="2660" hits="1"/>
						<line number="2661" hits="1"/>
						<line number="2663" hits="1"/>
						<line number="2664" hits="1"/>
						<line number="2665" hits="1"/>
						<line number="2667" hits="1"/>
						<line number="2668" hits="0"/>
						<line number="2669" hits="0"/>
						<line number="2671" hits="1"/>
						<line number="2676" hits="1"/>
						<line number="2677" hits="1"/>
						<line number="2679" hits="1"/>
						<line number="2680" hits="1"/>
						<line number="2682" hits="1"/>
						<line number="2685" hits="1"/>
						<line number="2686" hits="1"/>
						<line number="2688" hits="1"/>
						<line number="2689" hits="1"/>
						<line number="2690" hits="1"/>
						<line number="2691" hits="1"/>
						<line number="2692" hits="1"/>
						<line number="2693" hits="1"/>
						<line number="2695" hits="1"/>
						<line number="2698" hits="1"/>
						<line number="2699" hits="1"/>
						<line number="2700" hits="1"/>
						<line number="2702" hits="1"/>
						<line number="2709" hits="1"/>
						<line number="2712" hits="1"/>
						<line number="2713" hits="1"/>
						<line number="2715" hits="1"/>
						<line number="2716" hits="1"/>
						<line number="2717" hits="1"/>
						<line number="2718" hits="1"/>
						<line number="2719" hits="1"/>
						<line number="2721" hits="1"/>
						<line number="2724" hits="1"/>
						<line number="2725" hits="1"/>
						<line number="2727" hits="1"/>
						<line number="2728" hits="1"/>
						<line number="2729" hits="1"/>
						<line number="2731" hits="1"/>
						<line number="2732" hits="1"/>
						<line number="2734" hits="1"/>
						<line number="2737" hits="1"/>
						<line number="2738" hits="1"/>
						<line number="2740" hits="1"/>
						<line number="2741" hits="1"/>
						<line number="2742" hits="1"/>
						<line number="2743" hits="1"/>
						<line number="2744" hits="1"/>
						<line number="2746" hits="1"/>
						<line number="2749" hits="1"/>
						<line number="2750" hits="1"/>
						<line number="2752" hits="1"/>
						<line number="2753" hits="1"/>
						<line number="2754" hits="1"/>
						<line number="2756" hits="1"/>
						<line number="2757" hits="1"/>
						<line number="2758" hits="1"/>
						<line number="2759" hits="1"/>
						<line number="2760" hits="1"/>
						<line number="2762" hits="1"/>
						<line number="2764" hits="1"/>
						<line number="2767" hits="1"/>
						<line number="2768" hits="1"/>
						<line number="2770" hits="1"/>
						<line number="2771" hits="1"/>
						<line number="2772" hits="1"/>
						<line number="2773" hits="1"/>
						<line number="2774" hits="1"/>
						<line number="2776" hits="1"/>
						<line number="2779" hits="1"/>
						<line number="2780" hits="0"/>
						<line number="2782" hits="1"/>
						<line number="2783" hits="1"/>
						<line number="2784" hits="0"/>
						<line number="2786" hits="1"/>
						<line number="2787" hits="1"/>
						<line number="2788" hits="1"/>
						<line number="2789" hits="1"/>
						<line number="2790" hits="1"/>
						<line number="2792" hits="1"/>
						<line number="2794" hits="1"/>
						<line number="2797" hits="1"/>
						<line number="2798" hits="1"/>
						<line number="2799" hits="1"/>
						<line number="2801" hits="1"/>
						<line number="2802" hits="1"/>
						<line number="2803" hits="1"/>
						<line number="2804" hits="1"/>
						<line number="2805" hits="1"/>
						<line number="2807" hits="1"/>
						<line number="2814" hits="1"/>
						<line number="2829" hits="1"/>
						<line number="2837" hits="1"/>
						<line number="2838" hits="1"/>
						<line number="2840" hits="1"/>
						<line number="2841" hits="1"/>
						<line number="2842" hits="1"/>
						<line number="2843" hits="1"/>
						<line number="2844" hits="1"/>
						<line number="2845" hits="1"/>
						<line number="2848" hits="1"/>
						<line number="2849" hits="1"/>
						<line number="2852" hits="1"/>
						<line number="2861" hits="1"/>
						<line number="2870" hits="1"/>
						<line number="2874" hits="1"/>
						<line number="2882" hits="1"/>
						<line number="2893" hits="1"/>
						<line number="2896" hits="1"/>
						<line number="2897" hits="1"/>
						<line number="2899" hits="1"/>
						<line number="2900" hits="1"/>
						<line number="2901" hits="1"/>
						<line number="2902" hits="1"/>
						<line number="2903" hits="1"/>
						<line number="2905" hits="1"/>
						<line number="2906" hits="1"/>
						<line number="2907" hits="1"/>
						<line number="2909" hits="1"/>
						<line number="2910" hits="1"/>
						<line number="2913" hits="1"/>
						<line number="2914" hits="1"/>
						<line number="2915" hits="1"/>
						<line number="2921" hits="1"/>
						<line number="2923" hits="1"/>
						<line number="2931" hits="1"/>
						<line number="2934" hits="1"/>
						<line number="2935" hits="0"/>
					</lines>
				</class>
				<class name="data_import.py" filename="data_import.py" complexity="0" line-rate="0.584" branch-rate="0">
					<methods/>
					<lines>
						<line number="1" hits="1"/>
						<line number="2" hits="1"/>
						<line number="4" hits="1"/>
						<line number="6" hits="1"/>
						<line number="7" hits="1"/>
						<line number="10" hits="1"/>
						<line number="13" hits="1"/>
						<line number="14" hits="1"/>
						<line number="15" hits="1"/>
						<line number="17" hits="1"/>
						<line number="19" hits="1"/>
						<line number="20" hits="1"/>
						<line number="22" hits="1"/>
						<line number="23" hits="1"/>
						<line number="25" hits="1"/>
						<line number="26" hits="1"/>
						<line number="27" hits="1"/>
						<line number="28" hits="1"/>
						<line number="29" hits="1"/>
						<line number="30" hits="1"/>
						<line number="31" hits="1"/>
						<line number="33" hits="1"/>
						<line number="35" hits="1"/>
						<line number="38" hits="1"/>
						<line number="39" hits="1"/>
						<line number="40" hits="1"/>
						<line number="41" hits="1"/>
						<line number="44" hits="1"/>
						<line number="45" hits="1"/>
						<line number="46" hits="1"/>
						<line number="47" hits="1"/>
						<line number="50" hits="1"/>
						<line number="51" hits="1"/>
						<line number="52" hits="1"/>
						<line number="53" hits="1"/>
						<line number="54" hits="1"/>
						<line number="55" hits="1"/>
						<line number="58" hits="1"/>
						<line number="78" hits="1"/>
						<line number="79" hits="0"/>
						<line number="80" hits="0"/>
						<line number="81" hits="0"/>
						<line number="84" hits="1"/>
						<line number="85" hits="0"/>
						<line number="89" hits="0"/>
						<line number="90" hits="0"/>
						<line number="96" hits="0"/>
						<line number="98" hits="0"/>
						<line number="100" hits="1"/>
						<line number="101" hits="1"/>
						<line number="102" hits="1"/>
						<line number="103" hits="1"/>
						<line number="108" hits="1"/>
						<line number="110" hits="1"/>
						<line number="111" hits="0"/>
						<line number="112" hits="0"/>
						<line number="113" hits="0"/>
						<line number="114" hits="0"/>
						<line number="116" hits="1"/>
						<line number="118" hits="1"/>
						<line number="120" hits="1"/>
						<line number="121" hits="0"/>
						<line number="124" hits="1"/>
						<line number="126" hits="1"/>
						<line number="128" hits="1"/>
						<line number="129" hits="1"/>
						<line number="135" hits="1"/>
						<line number="136" hits="1"/>
						<line number="139" hits="1"/>
						<line number="145" hits="1"/>
						<line number="148" hits="1"/>
						<line number="150" hits="1"/>
						<line number="151" hits="1"/>
						<line number="152" hits="1"/>
						<line number="155" hits="1"/>
						<line number="157" hits="1"/>
						<line number="158" hits="1"/>
						<line number="164" hits="1"/>
						<line number="165" hits="1"/>
						<line number="168" hits="1"/>
						<line number="174" hits="1"/>
						<line number="176" hits="1"/>
						<line number="177" hits="1"/>
						<line number="178" hits="0"/>
						<line number="179" hits="0"/>
						<line number="181" hits="1"/>
						<line number="183" hits="0"/>
						<line number="184" hits="0"/>
						<line number="185" hits="0"/>
						<line number="187" hits="0"/>
						<line number="188" hits="0"/>
						<line number="189" hits="0"/>
						<line number="191" hits="0"/>
						<line number="193" hits="0"/>
						<line number="194" hits="0"/>
						<line number="195" hits="0"/>
						<line number="197" hits="0"/>
						<line number="199" hits="0"/>
						<line number="200" hits="0"/>
						<line number="201" hits="0"/>
						<line number="202" hits="0"/>
						<line number="204" hits="0"/>
						<line number="205" hits="0"/>
						<line number="206" hits="0"/>
						<line number="207" hits="0"/>
						<line number="208" hits="0"/>
						<line number="210" hits="0"/>
						<line number="212" hits="0"/>
						<line number="215" hits="0"/>
						<line number="218" hits="0"/>
						<line number="219" hits="0"/>
						<line number="220" hits="0"/>
						<line number="221" hits="0"/>
						<line number="222" hits="0"/>
						<line number="223" hits="0"/>
						<line number="224" hits="0"/>
						<line number="225" hits="0"/>
						<line number="227" hits="1"/>
						<line number="229" hits="0"/>
						<line number="233" hits="1"/>
						<line number="234" hits="0"/>
						<line number="236" hits="0"/>
						<line number="238" hits="0"/>
						<line number="241" hits="0"/>
						<line number="244" hits="0"/>
					</lines>
				</class>
				<class name="logger.py" filename="logger.py" complexity="0" line-rate="0.9444" branch-rate="0">
					<methods/>
					<lines>
						<line number="13" hits="1"/>
						<line number="14" hits="1"/>
						<line number="15" hits="1"/>
						<line number="16" hits="1"/>
						<line number="19" hits="1"/>
						<line number="20" hits="1"/>
						<line number="21" hits="1"/>
						<line number="23" hits="1"/>
						<line number="26" hits="1"/>
						<line number="29" hits="1"/>
						<line number="30" hits="1"/>
						<line number="38" hits="1"/>
						<line number="62" hits="1"/>
						<line number="63" hits="1"/>
						<line number="64" hits="1"/>
						<line number="67" hits="1"/>
						<line number="68" hits="0"/>
						<line number="70" hits="1"/>
						<line number="73" hits="1"/>
						<line number="75" hits="1"/>
						<line number="78" hits="1"/>
						<line number="79" hits="0"/>
						<line number="81" hits="1"/>
						<line number="84" hits="1"/>
						<line number="91" hits="1"/>
						<line number="92" hits="1"/>
						<line number="93" hits="1"/>
						<line number="96" hits="1"/>
						<line number="97" hits="1"/>
						<line number="100" hits="1"/>
						<line number="101" hits="1"/>
						<line number="104" hits="1"/>
						<line number="106" hits="1"/>
						<line number="109" hits="1"/>
						<line number="118" hits="1"/>
						<line number="122" hits="1"/>
					</lines>
				</class>
				<class name="models.py" filename="models.py" complexity="0" line-rate="0.9503" branch-rate="0">
					<methods/>
					<lines>
						<line number="1" hits="1"/>
						<line number="2" hits="1"/>
						<line number="4" hits="1"/>
						<line number="19" hits="1"/>
						<line number="20" hits="1"/>
						<line number="21" hits="1"/>
						<line number="23" hits="1"/>
						<line number="25" hits="1"/>
						<line number="26" hits="1"/>
						<line number="27" hits="1"/>
						<line number="30" hits="1"/>
						<line number="38" hits="1"/>
						<line number="45" hits="1"/>
						<line number="53" hits="1"/>
						<line number="60" hits="1"/>
						<line number="68" hits="1"/>
						<line number="69" hits="1"/>
						<line number="71" hits="1"/>
						<line number="72" hits="1"/>
						<line number="73" hits="1"/>
						<line number="74" hits="1"/>
						<line number="77" hits="1"/>
						<line number="83" hits="1"/>
						<line number="91" hits="1"/>
						<line number="92" hits="1"/>
						<line number="93" hits="1"/>
						<line number="95" hits="1"/>
						<line number="96" hits="1"/>
						<line number="98" hits="1"/>
						<line number="99" hits="1"/>
						<line number="101" hits="1"/>
						<line number="102" hits="1"/>
						<line number="105" hits="1"/>
						<line number="106" hits="1"/>
						<line number="108" hits="1"/>
						<line number="109" hits="1"/>
						<line number="110" hits="1"/>
						<line number="111" hits="1"/>
						<line number="112" hits="1"/>
						<line number="113" hits="1"/>
						<line number="114" hits="1"/>
						<line number="115" hits="1"/>
						<line number="116" hits="1"/>
						<line number="117" hits="1"/>
						<line number="118" hits="1"/>
						<line number="119" hits="1"/>
						<line number="120" hits="1"/>
						<line number="121" hits="1"/>
						<line number="122" hits="1"/>
						<line number="123" hits="1"/>
						<line number="124" hits="1"/>
						<line number="125" hits="1"/>
						<line number="126" hits="1"/>
						<line number="128" hits="1"/>
						<line number="134" hits="1"/>
						<line number="135" hits="1"/>
						<line number="136" hits="1"/>
						<line number="137" hits="1"/>
						<line number="142" hits="1"/>
						<line number="148" hits="1"/>
						<line number="156" hits="1"/>
						<line number="157" hits="1"/>
						<line number="158" hits="1"/>
						<line number="162" hits="1"/>
						<line number="163" hits="1"/>
						<line number="167" hits="1"/>
						<line number="168" hits="1"/>
						<line number="170" hits="1"/>
						<line number="171" hits="1"/>
						<line number="172" hits="1"/>
						<line number="173" hits="1"/>
						<line number="174" hits="1"/>
						<line number="175" hits="1"/>
						<line number="178" hits="1"/>
						<line number="179" hits="1"/>
						<line number="182" hits="1"/>
						<line number="190" hits="1"/>
						<line number="191" hits="0"/>
						<line number="195" hits="1"/>
						<line number="196" hits="1"/>
						<line number="198" hits="1"/>
						<line number="199" hits="1"/>
						<line number="200" hits="1"/>
						<line number="201" hits="1"/>
						<line number="202" hits="1"/>
						<line number="203" hits="1"/>
						<line number="206" hits="1"/>
						<line number="207" hits="1"/>
						<line number="210" hits="1"/>
						<line number="215" hits="1"/>
						<line number="216" hits="0"/>
						<line number="219" hits="1"/>
						<line number="220" hits="1"/>
						<line number="222" hits="1"/>
						<line number="223" hits="1"/>
						<line number="224" hits="1"/>
						<line number="225" hits="1"/>
						<line number="226" hits="1"/>
						<line number="227" hits="1"/>
						<line number="230" hits="1"/>
						<line number="231" hits="1"/>
						<line number="233" hits="1"/>
						<line number="235" hits="1"/>
						<line number="236" hits="0"/>
						<line number="239" hits="1"/>
						<line number="240" hits="1"/>
						<line number="242" hits="1"/>
						<line number="243" hits="1"/>
						<line number="244" hits="1"/>
						<line number="247" hits="1"/>
						<line number="249" hits="1"/>
						<line number="250" hits="1"/>
						<line number="253" hits="1"/>
						<line number="254" hits="1"/>
						<line number="256" hits="1"/>
						<line number="257" hits="1"/>
						<line number="258" hits="1"/>
						<line number="259" hits="1"/>
						<line number="260" hits="1"/>
						<line number="263" hits="1"/>
						<line number="264" hits="1"/>
						<line number="266" hits="1"/>
						<line number="267" hits="1"/>
						<line number="270" hits="1"/>
						<line number="271" hits="1"/>
						<line number="273" hits="1"/>
						<line number="274" hits="1"/>
						<line number="275" hits="1"/>
						<line number="276" hits="1"/>
						<line number="277" hits="1"/>
						<line number="280" hits="1"/>
						<line number="281" hits="1"/>
						<line number="283" hits="1"/>
						<line number="284" hits="0"/>
						<line number="287" hits="1"/>
						<line number="288" hits="1"/>
						<line number="290" hits="1"/>
						<line number="291" hits="1"/>
						<line number="292" hits="1"/>
						<line number="293" hits="1"/>
						<line number="294" hits="1"/>
						<line number="296" hits="1"/>
						<line number="302" hits="1"/>
						<line number="303" hits="1"/>
						<line number="305" hits="1"/>
						<line number="306" hits="0"/>
						<line number="311" hits="1"/>
						<line number="312" hits="1"/>
						<line number="314" hits="1"/>
						<line number="315" hits="1"/>
						<line number="316" hits="1"/>
						<line number="317" hits="1"/>
						<line number="318" hits="1"/>
						<line number="321" hits="1"/>
						<line number="323" hits="1"/>
						<line number="324" hits="1"/>
						<line number="327" hits="1"/>
						<line number="329" hits="0"/>
						<line number="330" hits="0"/>
						<line number="333" hits="1"/>
						<line number="334" hits="0"/>
					</lines>
				</class>
				<class name="tmdb_api.py" filename="tmdb_api.py" complexity="0" line-rate="0.7" branch-rate="0">
					<methods/>
					<lines>
						<line number="1" hits="1"/>
						<line number="3" hits="1"/>
						<line number="5" hits="1"/>
						<line number="8" hits="1"/>
						<line number="11" hits="1"/>
						<line number="12" hits="1"/>
						<line number="13" hits="1"/>
						<line number="15" hits="1"/>
						<line number="17" hits="1"/>
						<line number="18" hits="1"/>
						<line number="20" hits="1"/>
						<line number="21" hits="1"/>
						<line number="23" hits="1"/>
						<line number="24" hits="1"/>
						<line number="25" hits="1"/>
						<line number="26" hits="1"/>
						<line number="27" hits="1"/>
						<line number="28" hits="1"/>
						<line number="29" hits="1"/>
						<line number="31" hits="1"/>
						<line number="33" hits="1"/>
						<line number="35" hits="1"/>
						<line number="37" hits="0"/>
						<line number="39" hits="1"/>
						<line number="41" hits="0"/>
						<line number="43" hits="1"/>
						<line number="45" hits="0"/>
						<line number="47" hits="1"/>
						<line number="49" hits="1"/>
						<line number="51" hits="1"/>
						<line number="53" hits="1"/>
						<line number="55" hits="1"/>
						<line number="57" hits="1"/>
						<line number="59" hits="1"/>
						<line number="61" hits="0"/>
						<line number="63" hits="1"/>
						<line number="65" hits="0"/>
						<line number="66" hits="0"/>
						<line number="68" hits="1"/>
						<line number="70" hits="0"/>
						<line number="72" hits="1"/>
						<line number="80" hits="0"/>
						<line number="84" hits="1"/>
						<line number="85" hits="0"/>
						<line number="88" hits="0"/>
						<line number="89" hits="0"/>
						<line number="91" hits="0"/>
						<line number="92" hits="0"/>
						<line number="93" hits="0"/>
						<line number="95" hits="0"/>
					</lines>
				</class>
			</classes>
		</package>
	</packages>
</coverage>
